INFO:httpx:HTTP Request: GET https://cloud-api.yandex.net/v1/disk/public/resources/download?public_key=https%3A%2F%2Fdisk.yandex.ru%2Fd%2FUYooXd9q2yqTMQ "HTTP/1.1 200 OK"
INFO:httpx:HTTP Request: GET https://downloader.disk.yandex.ru/disk/daef7f177b6645796f46183ad63e897c3f988f5ee43765c7868a82b3b94a9bcb/66d77ed2/fKqInKw3d7bLFOeFnMGnhHSfH_IYqRR4XmkpjSR00ai2QWjPk9YapzGRK_98PcnJDnX-zwJxGIH-7RmEbMVjBRYAuwasYYi664ezUTvTtter8npumZHI4midPdWhecNq?uid=0&filename=posts.csv&disposition=attachment&hash=5b1qNPTu5I5XsvqDVGhqP7utPi6GbrbTVkXMBZwEdWGL/tkAtOO7xrhRKiQxqy0Tlsg4VIaLrfRKbQetv4dueQ%3D%3D%3A&limit=0&content_type=text%2Fplain&owner_uid=1130000041399263&fsize=2526152&hid=182328cff2661fcd76a8d3a316121882&media_type=spreadsheet&tknv=v2 "HTTP/1.1 302 Found"
INFO:httpx:HTTP Request: GET https://s886sas.storage.yandex.net/rdisk/daef7f177b6645796f46183ad63e897c3f988f5ee43765c7868a82b3b94a9bcb/66d77ed2/fKqInKw3d7bLFOeFnMGnhHSfH_IYqRR4XmkpjSR00ai2QWjPk9YapzGRK_98PcnJDnX-zwJxGIH-7RmEbMVjBRYAuwasYYi664ezUTvTtter8npumZHI4midPdWhecNq?uid=0&filename=posts.csv&disposition=attachment&hash=5b1qNPTu5I5XsvqDVGhqP7utPi6GbrbTVkXMBZwEdWGL/tkAtOO7xrhRKiQxqy0Tlsg4VIaLrfRKbQetv4dueQ%3D%3D%3A&limit=0&content_type=text%2Fplain&owner_uid=1130000041399263&fsize=2526152&hid=182328cff2661fcd76a8d3a316121882&media_type=spreadsheet&tknv=v2&ts=6213db2dfd880&s=b2499d1e71b13694764536020317fbdc71c4b9a8c9b89c7ff7ae653f94415051&pb=U2FsdGVkX1-ZcoGVohjVB74aJ9Hqabc7-zcMpAn1IPqs-Hf913RQccaQAg51pJ55VHVNDG5sV8YFkjCeqP8dqPP_HT8r-cejEW_TZ9RCzywDwZeDL5Z3-BQsbCu8odnU "HTTP/1.1 200 OK"
INFO:httpx:HTTP Request: GET https://cloud-api.yandex.net/v1/disk/public/resources/download?public_key=https%3A%2F%2Fdisk.yandex.ru%2Fd%2FUYooXd9q2yqTMQ "HTTP/1.1 200 OK"
INFO:httpx:HTTP Request: GET https://downloader.disk.yandex.ru/disk/e9c5e9f69e1177019116deed4fbae47dae727547ffd8022d5991d428794d799b/66d78083/fKqInKw3d7bLFOeFnMGnhHSfH_IYqRR4XmkpjSR00ai2QWjPk9YapzGRK_98PcnJDnX-zwJxGIH-7RmEbMVjBRYAuwasYYi664ezUTvTtter8npumZHI4midPdWhecNq?uid=0&filename=posts.csv&disposition=attachment&hash=5b1qNPTu5I5XsvqDVGhqP7utPi6GbrbTVkXMBZwEdWGL/tkAtOO7xrhRKiQxqy0Tlsg4VIaLrfRKbQetv4dueQ%3D%3D%3A&limit=0&content_type=text%2Fplain&owner_uid=1130000041399263&fsize=2526152&hid=182328cff2661fcd76a8d3a316121882&media_type=spreadsheet&tknv=v2 "HTTP/1.1 302 Found"
INFO:httpx:HTTP Request: GET https://s886sas.storage.yandex.net/rdisk/e9c5e9f69e1177019116deed4fbae47dae727547ffd8022d5991d428794d799b/66d78083/fKqInKw3d7bLFOeFnMGnhHSfH_IYqRR4XmkpjSR00ai2QWjPk9YapzGRK_98PcnJDnX-zwJxGIH-7RmEbMVjBRYAuwasYYi664ezUTvTtter8npumZHI4midPdWhecNq?uid=0&filename=posts.csv&disposition=attachment&hash=5b1qNPTu5I5XsvqDVGhqP7utPi6GbrbTVkXMBZwEdWGL/tkAtOO7xrhRKiQxqy0Tlsg4VIaLrfRKbQetv4dueQ%3D%3D%3A&limit=0&content_type=text%2Fplain&owner_uid=1130000041399263&fsize=2526152&hid=182328cff2661fcd76a8d3a316121882&media_type=spreadsheet&tknv=v2&ts=6213dccaee6c0&s=c521e30aa851443e90107631a576009eb1c89ab06f7fe89b20ef855eadc67326&pb=U2FsdGVkX1_aBm7IN-jN5GAH7e6X_fQ4fDR4AxGtTZnVffNqcGcIcieO4xMr4fcIoPhaW3xC3dwffNxXDuDEJz1RACZYah3U7p6q4gNIQwKaNHDaZiEhfty7vE87Db-L "HTTP/1.1 200 OK"
INFO:httpx:HTTP Request: GET https://cloud-api.yandex.net/v1/disk/public/resources/download?public_key=https%3A%2F%2Fdisk.yandex.ru%2Fd%2FUYooXd9q2yqTMQ "HTTP/1.1 200 OK"
INFO:httpx:HTTP Request: GET https://downloader.disk.yandex.ru/disk/a1db8d26ec9d41a82c10cbe2300b00b15883a3251780e2bfc242df34d8f1d771/66d780e3/fKqInKw3d7bLFOeFnMGnhHSfH_IYqRR4XmkpjSR00ai2QWjPk9YapzGRK_98PcnJDnX-zwJxGIH-7RmEbMVjBRYAuwasYYi664ezUTvTtter8npumZHI4midPdWhecNq?uid=0&filename=posts.csv&disposition=attachment&hash=5b1qNPTu5I5XsvqDVGhqP7utPi6GbrbTVkXMBZwEdWGL/tkAtOO7xrhRKiQxqy0Tlsg4VIaLrfRKbQetv4dueQ%3D%3D%3A&limit=0&content_type=text%2Fplain&owner_uid=1130000041399263&fsize=2526152&hid=182328cff2661fcd76a8d3a316121882&media_type=spreadsheet&tknv=v2 "HTTP/1.1 302 Found"
INFO:httpx:HTTP Request: GET https://s434vlx.storage.yandex.net/rdisk/a1db8d26ec9d41a82c10cbe2300b00b15883a3251780e2bfc242df34d8f1d771/66d780e3/fKqInKw3d7bLFOeFnMGnhHSfH_IYqRR4XmkpjSR00ai2QWjPk9YapzGRK_98PcnJDnX-zwJxGIH-7RmEbMVjBRYAuwasYYi664ezUTvTtter8npumZHI4midPdWhecNq?uid=0&filename=posts.csv&disposition=attachment&hash=5b1qNPTu5I5XsvqDVGhqP7utPi6GbrbTVkXMBZwEdWGL/tkAtOO7xrhRKiQxqy0Tlsg4VIaLrfRKbQetv4dueQ%3D%3D%3A&limit=0&content_type=text%2Fplain&owner_uid=1130000041399263&fsize=2526152&hid=182328cff2661fcd76a8d3a316121882&media_type=spreadsheet&tknv=v2&ts=6213dd267bec0&s=1c77776f08e10e2aa2aac20344ae2d5ec688e30d1d49992dcd959fd034ea0f58&pb=U2FsdGVkX1_OvqcYJKiA_BtMGhWumINujhf9su5p-GGzrXcFKCQ5AHh6gwFQTexbeR3Y0SWzHXHI_ahbFVBEmAAQnxWFtOgbTc6QhCnRiKkZM3TIkG2a6fVfDXVN1rkc "HTTP/1.1 200 OK"
INFO:httpx:HTTP Request: GET https://cloud-api.yandex.net/v1/disk/public/resources/download?public_key=https%3A%2F%2Fdisk.yandex.ru%2Fd%2FUYooXd9q2yqTMQ "HTTP/1.1 200 OK"
INFO:httpx:HTTP Request: GET https://downloader.disk.yandex.ru/disk/6a09020971b16d3221aca58db489b6c40570c273af32b52a7d834d6c22cfe461/66d7814b/fKqInKw3d7bLFOeFnMGnhHSfH_IYqRR4XmkpjSR00ai2QWjPk9YapzGRK_98PcnJDnX-zwJxGIH-7RmEbMVjBRYAuwasYYi664ezUTvTtter8npumZHI4midPdWhecNq?uid=0&filename=posts.csv&disposition=attachment&hash=5b1qNPTu5I5XsvqDVGhqP7utPi6GbrbTVkXMBZwEdWGL/tkAtOO7xrhRKiQxqy0Tlsg4VIaLrfRKbQetv4dueQ%3D%3D%3A&limit=0&content_type=text%2Fplain&owner_uid=1130000041399263&fsize=2526152&hid=182328cff2661fcd76a8d3a316121882&media_type=spreadsheet&tknv=v2 "HTTP/1.1 302 Found"
INFO:httpx:HTTP Request: GET https://s886sas.storage.yandex.net/rdisk/6a09020971b16d3221aca58db489b6c40570c273af32b52a7d834d6c22cfe461/66d7814b/fKqInKw3d7bLFOeFnMGnhHSfH_IYqRR4XmkpjSR00ai2QWjPk9YapzGRK_98PcnJDnX-zwJxGIH-7RmEbMVjBRYAuwasYYi664ezUTvTtter8npumZHI4midPdWhecNq?uid=0&filename=posts.csv&disposition=attachment&hash=5b1qNPTu5I5XsvqDVGhqP7utPi6GbrbTVkXMBZwEdWGL/tkAtOO7xrhRKiQxqy0Tlsg4VIaLrfRKbQetv4dueQ%3D%3D%3A&limit=0&content_type=text%2Fplain&owner_uid=1130000041399263&fsize=2526152&hid=182328cff2661fcd76a8d3a316121882&media_type=spreadsheet&tknv=v2&ts=6213dd89aa8c0&s=3efb9081278b8f01f442523072a379c86fa565adde3fb536a9f4c353ca6ec119&pb=U2FsdGVkX18VrXoOLqZh4C25_-k8VfWUqrEiGgCkBhY--_pm1gxd81dJqOdJydZzf1lWZ2Y5pDAjdHRw5_086q1-aplmA3jG_iGj376bW1RfecVP69TrE4OyMTM35u0q "HTTP/1.1 200 OK"
INFO:httpx:HTTP Request: GET https://cloud-api.yandex.net/v1/disk/public/resources/download?public_key=https%3A%2F%2Fdisk.yandex.ru%2Fd%2FUYooXd9q2yqTMQ "HTTP/1.1 200 OK"
INFO:httpx:HTTP Request: GET https://downloader.disk.yandex.ru/disk/828b34366a40aaea5d68c96f868f6a6622ec45d77abb2fe099f2b645be99dd77/66d781f4/fKqInKw3d7bLFOeFnMGnhHSfH_IYqRR4XmkpjSR00ai2QWjPk9YapzGRK_98PcnJDnX-zwJxGIH-7RmEbMVjBRYAuwasYYi664ezUTvTtter8npumZHI4midPdWhecNq?uid=0&filename=posts.csv&disposition=attachment&hash=5b1qNPTu5I5XsvqDVGhqP7utPi6GbrbTVkXMBZwEdWGL/tkAtOO7xrhRKiQxqy0Tlsg4VIaLrfRKbQetv4dueQ%3D%3D%3A&limit=0&content_type=text%2Fplain&owner_uid=1130000041399263&fsize=2526152&hid=182328cff2661fcd76a8d3a316121882&media_type=spreadsheet&tknv=v2 "HTTP/1.1 302 Found"
INFO:httpx:HTTP Request: GET https://s886sas.storage.yandex.net/rdisk/828b34366a40aaea5d68c96f868f6a6622ec45d77abb2fe099f2b645be99dd77/66d781f4/fKqInKw3d7bLFOeFnMGnhHSfH_IYqRR4XmkpjSR00ai2QWjPk9YapzGRK_98PcnJDnX-zwJxGIH-7RmEbMVjBRYAuwasYYi664ezUTvTtter8npumZHI4midPdWhecNq?uid=0&filename=posts.csv&disposition=attachment&hash=5b1qNPTu5I5XsvqDVGhqP7utPi6GbrbTVkXMBZwEdWGL/tkAtOO7xrhRKiQxqy0Tlsg4VIaLrfRKbQetv4dueQ%3D%3D%3A&limit=0&content_type=text%2Fplain&owner_uid=1130000041399263&fsize=2526152&hid=182328cff2661fcd76a8d3a316121882&media_type=spreadsheet&tknv=v2&ts=6213de2ad6500&s=6c072bee990601c6f58ce3d6e1d5c7be271c2329761ae474b782d039481bc8a0&pb=U2FsdGVkX1_jDWSqzAas472eNBGR-qp3ZhuOFJEUOj6S_72ULxxFxNIs2MP8vr5XBSx-eNtUQS7RVy-VS0Zih0SdX3vqwCrUOovH7alCbDlECuOme8niB99UqUOZOWjh "HTTP/1.1 200 OK"
INFO:elastic_transport.transport:PUT http://172.17.0.2:9200/_bulk [status:N/A duration:0.004s]
WARNING:elastic_transport.node_pool:Node <AiohttpHttpNode(http://172.17.0.2:9200)> has failed for 1 times in a row, putting on 1 second timeout
WARNING:elastic_transport.transport:Retrying request after failure (attempt 0 of 3)
Traceback (most recent call last):
  File "/home/lemkess/apsolutions_testTask/.venv/lib/python3.10/site-packages/elastic_transport/_async_transport.py", line 264, in perform_request
    resp = await node.perform_request(
  File "/home/lemkess/apsolutions_testTask/.venv/lib/python3.10/site-packages/elastic_transport/_node/_http_aiohttp.py", line 218, in perform_request
    raise err from None
elastic_transport.ConnectionError: Connection error caused by: ClientConnectorError(Cannot connect to host 172.17.0.2:9200 ssl:default [Connect call failed ('172.17.0.2', 9200)])
INFO:elastic_transport.transport:PUT http://172.17.0.2:9200/_bulk [status:N/A duration:0.001s]
WARNING:elastic_transport.node_pool:Node <AiohttpHttpNode(http://172.17.0.2:9200)> has failed for 2 times in a row, putting on 2 second timeout
WARNING:elastic_transport.transport:Retrying request after failure (attempt 1 of 3)
Traceback (most recent call last):
  File "/home/lemkess/apsolutions_testTask/.venv/lib/python3.10/site-packages/elastic_transport/_async_transport.py", line 264, in perform_request
    resp = await node.perform_request(
  File "/home/lemkess/apsolutions_testTask/.venv/lib/python3.10/site-packages/elastic_transport/_node/_http_aiohttp.py", line 218, in perform_request
    raise err from None
elastic_transport.ConnectionError: Connection error caused by: ClientConnectorError(Cannot connect to host 172.17.0.2:9200 ssl:default [Connect call failed ('172.17.0.2', 9200)])
INFO:elastic_transport.transport:PUT http://172.17.0.2:9200/_bulk [status:N/A duration:0.001s]
WARNING:elastic_transport.node_pool:Node <AiohttpHttpNode(http://172.17.0.2:9200)> has failed for 3 times in a row, putting on 4 second timeout
WARNING:elastic_transport.transport:Retrying request after failure (attempt 2 of 3)
Traceback (most recent call last):
  File "/home/lemkess/apsolutions_testTask/.venv/lib/python3.10/site-packages/elastic_transport/_async_transport.py", line 264, in perform_request
    resp = await node.perform_request(
  File "/home/lemkess/apsolutions_testTask/.venv/lib/python3.10/site-packages/elastic_transport/_node/_http_aiohttp.py", line 218, in perform_request
    raise err from None
elastic_transport.ConnectionError: Connection error caused by: ClientConnectorError(Cannot connect to host 172.17.0.2:9200 ssl:default [Connect call failed ('172.17.0.2', 9200)])
INFO:elastic_transport.transport:PUT http://172.17.0.2:9200/_bulk [status:N/A duration:0.002s]
WARNING:elastic_transport.node_pool:Node <AiohttpHttpNode(http://172.17.0.2:9200)> has failed for 4 times in a row, putting on 8 second timeout
INFO:httpx:HTTP Request: GET https://cloud-api.yandex.net/v1/disk/public/resources/download?public_key=https%3A%2F%2Fdisk.yandex.ru%2Fd%2FUYooXd9q2yqTMQ "HTTP/1.1 200 OK"
INFO:httpx:HTTP Request: GET https://downloader.disk.yandex.ru/disk/e0ef15605f39db67dd0ae313cfc8cae4641f61192f0ef1d4a8ad3034564e194b/66d78555/fKqInKw3d7bLFOeFnMGnhHSfH_IYqRR4XmkpjSR00ai2QWjPk9YapzGRK_98PcnJDnX-zwJxGIH-7RmEbMVjBRYAuwasYYi664ezUTvTtter8npumZHI4midPdWhecNq?uid=0&filename=posts.csv&disposition=attachment&hash=5b1qNPTu5I5XsvqDVGhqP7utPi6GbrbTVkXMBZwEdWGL/tkAtOO7xrhRKiQxqy0Tlsg4VIaLrfRKbQetv4dueQ%3D%3D%3A&limit=0&content_type=text%2Fplain&owner_uid=1130000041399263&fsize=2526152&hid=182328cff2661fcd76a8d3a316121882&media_type=spreadsheet&tknv=v2 "HTTP/1.1 302 Found"
INFO:httpx:HTTP Request: GET https://s886sas.storage.yandex.net/rdisk/e0ef15605f39db67dd0ae313cfc8cae4641f61192f0ef1d4a8ad3034564e194b/66d78555/fKqInKw3d7bLFOeFnMGnhHSfH_IYqRR4XmkpjSR00ai2QWjPk9YapzGRK_98PcnJDnX-zwJxGIH-7RmEbMVjBRYAuwasYYi664ezUTvTtter8npumZHI4midPdWhecNq?uid=0&filename=posts.csv&disposition=attachment&hash=5b1qNPTu5I5XsvqDVGhqP7utPi6GbrbTVkXMBZwEdWGL/tkAtOO7xrhRKiQxqy0Tlsg4VIaLrfRKbQetv4dueQ%3D%3D%3A&limit=0&content_type=text%2Fplain&owner_uid=1130000041399263&fsize=2526152&hid=182328cff2661fcd76a8d3a316121882&media_type=spreadsheet&tknv=v2&ts=6213e163c3f40&s=f29ade8ced3f7c2ea1b3fc683c86d8f9929b257e444c30ac3c575152335f63e0&pb=U2FsdGVkX19RMKCOAsE5jKB0wX-hXevEL6absuf1e5RB-ALess4fihQcapLw7XeEz2kXsdylikQmjKz-M3vJI1NuXvn31jC0eJmpmeteDtHUspfEancmo2UIHcsPBuXy "HTTP/1.1 200 OK"
INFO:elastic_transport.transport:PUT http://localhost:9200/_bulk [status:200 duration:2.214s]
INFO:elastic_transport.transport:PUT http://localhost:9200/_bulk [status:200 duration:0.454s]
INFO:elastic_transport.transport:PUT http://localhost:9200/_bulk [status:200 duration:0.267s]
INFO:httpx:HTTP Request: GET https://cloud-api.yandex.net/v1/disk/public/resources/download?public_key=https%3A%2F%2Fdisk.yandex.ru%2Fd%2FUYooXd9q2yqTMQ "HTTP/1.1 200 OK"
INFO:httpx:HTTP Request: GET https://downloader.disk.yandex.ru/disk/ffae75da0ebce4fada91f074ecc4c82887dc0239efea4090b04381d169c569ed/66d785c8/fKqInKw3d7bLFOeFnMGnhHSfH_IYqRR4XmkpjSR00ai2QWjPk9YapzGRK_98PcnJDnX-zwJxGIH-7RmEbMVjBRYAuwasYYi664ezUTvTtter8npumZHI4midPdWhecNq?uid=0&filename=posts.csv&disposition=attachment&hash=5b1qNPTu5I5XsvqDVGhqP7utPi6GbrbTVkXMBZwEdWGL/tkAtOO7xrhRKiQxqy0Tlsg4VIaLrfRKbQetv4dueQ%3D%3D%3A&limit=0&content_type=text%2Fplain&owner_uid=1130000041399263&fsize=2526152&hid=182328cff2661fcd76a8d3a316121882&media_type=spreadsheet&tknv=v2 "HTTP/1.1 302 Found"
INFO:httpx:HTTP Request: GET https://s434vlx.storage.yandex.net/rdisk/ffae75da0ebce4fada91f074ecc4c82887dc0239efea4090b04381d169c569ed/66d785c8/fKqInKw3d7bLFOeFnMGnhHSfH_IYqRR4XmkpjSR00ai2QWjPk9YapzGRK_98PcnJDnX-zwJxGIH-7RmEbMVjBRYAuwasYYi664ezUTvTtter8npumZHI4midPdWhecNq?uid=0&filename=posts.csv&disposition=attachment&hash=5b1qNPTu5I5XsvqDVGhqP7utPi6GbrbTVkXMBZwEdWGL/tkAtOO7xrhRKiQxqy0Tlsg4VIaLrfRKbQetv4dueQ%3D%3D%3A&limit=0&content_type=text%2Fplain&owner_uid=1130000041399263&fsize=2526152&hid=182328cff2661fcd76a8d3a316121882&media_type=spreadsheet&tknv=v2&ts=6213e1d170200&s=e2bb39bed733b6ac5e90d58c385bad1db56afc91b8cc49d7c37b2dc24e630db7&pb=U2FsdGVkX1-s4TMq0HdVjZLUXSh8LzzAEPl1S8w6ZytHp7sugBL061hSqv6zacxrYmFFpDljUt1lhzHYi85vbVVj_lXwulcypm1zPfNuWR93y9yd-zsGG1urdBEurNgz "HTTP/1.1 200 OK"
INFO:elastic_transport.transport:PUT http://localhost:9200/_bulk [status:200 duration:0.160s]
INFO:elastic_transport.transport:PUT http://localhost:9200/_bulk [status:200 duration:0.289s]
INFO:elastic_transport.transport:PUT http://localhost:9200/_bulk [status:200 duration:0.212s]
INFO:elastic_transport.transport:POST http://localhost:9200/documents/_search?scroll=5m [status:200 duration:0.425s]
INFO:elastic_transport.transport:POST http://localhost:9200/_search/scroll [status:200 duration:0.022s]
INFO:elastic_transport.transport:DELETE http://localhost:9200/_search/scroll [status:200 duration:0.014s]
INFO:elastic_transport.transport:POST http://localhost:9200/documents/_search?scroll=5m [status:200 duration:0.024s]
INFO:elastic_transport.transport:POST http://localhost:9200/_search/scroll [status:200 duration:0.009s]
INFO:elastic_transport.transport:DELETE http://localhost:9200/_search/scroll [status:200 duration:0.005s]
INFO:elastic_transport.transport:POST http://localhost:9200/documents/_search?scroll=5m [status:200 duration:0.056s]
INFO:elastic_transport.transport:POST http://localhost:9200/_search/scroll [status:200 duration:0.010s]
INFO:elastic_transport.transport:DELETE http://localhost:9200/_search/scroll [status:200 duration:0.004s]
INFO:elastic_transport.transport:DELETE http://localhost:9200/documents/_doc/3095 [status:200 duration:0.051s]
INFO:elastic_transport.transport:POST http://localhost:9200/documents/_search?scroll=5m [status:200 duration:0.033s]
INFO:elastic_transport.transport:POST http://localhost:9200/_search/scroll [status:200 duration:0.008s]
INFO:elastic_transport.transport:DELETE http://localhost:9200/_search/scroll [status:200 duration:0.004s]
INFO:elastic_transport.transport:DELETE http://localhost:9200/documents/_doc/4081 [status:200 duration:0.038s]
INFO:elastic_transport.transport:DELETE http://localhost:9200/documents/_doc/4069 [status:200 duration:0.026s]
INFO:elastic_transport.transport:DELETE http://localhost:9200/documents/_doc/3975 [status:200 duration:0.033s]
INFO:elastic_transport.transport:POST http://localhost:9200/documents/_search?scroll=5m [status:200 duration:0.042s]
INFO:elastic_transport.transport:POST http://localhost:9200/_search/scroll [status:200 duration:0.009s]
INFO:elastic_transport.transport:DELETE http://localhost:9200/_search/scroll [status:200 duration:0.004s]
INFO:elastic_transport.transport:DELETE http://localhost:9200/documents/_doc/4065 [status:200 duration:0.017s]
INFO:elastic_transport.transport:POST http://localhost:9200/documents/_search?scroll=5m [status:200 duration:0.022s]
INFO:elastic_transport.transport:POST http://localhost:9200/_search/scroll [status:200 duration:0.009s]
INFO:elastic_transport.transport:DELETE http://localhost:9200/_search/scroll [status:200 duration:0.005s]
INFO:elastic_transport.transport:DELETE http://localhost:9200/documents/_doc/4057 [status:200 duration:0.013s]
INFO:elastic_transport.transport:POST http://localhost:9200/documents/_search?scroll=5m [status:200 duration:0.026s]
INFO:elastic_transport.transport:POST http://localhost:9200/_search/scroll [status:200 duration:0.007s]
INFO:elastic_transport.transport:DELETE http://localhost:9200/_search/scroll [status:200 duration:0.004s]
INFO:elastic_transport.transport:POST http://localhost:9200/documents/_search?scroll=5m [status:200 duration:0.027s]
INFO:elastic_transport.transport:POST http://localhost:9200/_search/scroll [status:200 duration:0.007s]
INFO:elastic_transport.transport:DELETE http://localhost:9200/_search/scroll [status:200 duration:0.004s]
INFO:httpx:HTTP Request: GET https://cloud-api.yandex.net/v1/disk/public/resources/download?public_key=https%3A%2F%2Fdisk.yandex.ru%2Fd%2FUYooXd9q2yqTMQ "HTTP/1.1 200 OK"
INFO:httpx:HTTP Request: GET https://downloader.disk.yandex.ru/disk/b3e0a16aae78f779b9739397c0cd2f9ec65bd26eb097f07ea02187d67f3bc958/66d79989/fKqInKw3d7bLFOeFnMGnhHSfH_IYqRR4XmkpjSR00ai2QWjPk9YapzGRK_98PcnJDnX-zwJxGIH-7RmEbMVjBRYAuwasYYi664ezUTvTtter8npumZHI4midPdWhecNq?uid=0&filename=posts.csv&disposition=attachment&hash=5b1qNPTu5I5XsvqDVGhqP7utPi6GbrbTVkXMBZwEdWGL/tkAtOO7xrhRKiQxqy0Tlsg4VIaLrfRKbQetv4dueQ%3D%3D%3A&limit=0&content_type=text%2Fplain&owner_uid=1130000041399263&fsize=2526152&hid=182328cff2661fcd76a8d3a316121882&media_type=spreadsheet&tknv=v2 "HTTP/1.1 302 Found"
INFO:httpx:HTTP Request: GET https://s886sas.storage.yandex.net/rdisk/b3e0a16aae78f779b9739397c0cd2f9ec65bd26eb097f07ea02187d67f3bc958/66d79989/fKqInKw3d7bLFOeFnMGnhHSfH_IYqRR4XmkpjSR00ai2QWjPk9YapzGRK_98PcnJDnX-zwJxGIH-7RmEbMVjBRYAuwasYYi664ezUTvTtter8npumZHI4midPdWhecNq?uid=0&filename=posts.csv&disposition=attachment&hash=5b1qNPTu5I5XsvqDVGhqP7utPi6GbrbTVkXMBZwEdWGL/tkAtOO7xrhRKiQxqy0Tlsg4VIaLrfRKbQetv4dueQ%3D%3D%3A&limit=0&content_type=text%2Fplain&owner_uid=1130000041399263&fsize=2526152&hid=182328cff2661fcd76a8d3a316121882&media_type=spreadsheet&tknv=v2&ts=6213f4a82b440&s=46cb0d3753b75bf68bfead35835147806b2fc5ba6df25b4580a22b63ddf7a31f&pb=U2FsdGVkX1-8bsIXuIepkLUUqb0wyctRbdW8AHjNvSXLF-xrBBWhm4tTHR8UWAUi1xH7d-k_EBNKK9-75PMHx3Shv-pa5zqVdAznlG39ey3VcbblF0Ex4XHYgwTtpm8x "HTTP/1.1 200 OK"
INFO:httpx:HTTP Request: GET https://cloud-api.yandex.net/v1/disk/public/resources/download?public_key=https%3A%2F%2Fdisk.yandex.ru%2Fd%2FUYooXd9q2yqTMQ "HTTP/1.1 200 OK"
INFO:httpx:HTTP Request: GET https://downloader.disk.yandex.ru/disk/34ac3dde12a57d807bd3cabfb64da08988c9962441eae0df95a46f751e7b81d0/66d799b2/fKqInKw3d7bLFOeFnMGnhHSfH_IYqRR4XmkpjSR00ai2QWjPk9YapzGRK_98PcnJDnX-zwJxGIH-7RmEbMVjBRYAuwasYYi664ezUTvTtter8npumZHI4midPdWhecNq?uid=0&filename=posts.csv&disposition=attachment&hash=5b1qNPTu5I5XsvqDVGhqP7utPi6GbrbTVkXMBZwEdWGL/tkAtOO7xrhRKiQxqy0Tlsg4VIaLrfRKbQetv4dueQ%3D%3D%3A&limit=0&content_type=text%2Fplain&owner_uid=1130000041399263&fsize=2526152&hid=182328cff2661fcd76a8d3a316121882&media_type=spreadsheet&tknv=v2 "HTTP/1.1 302 Found"
INFO:httpx:HTTP Request: GET https://s886sas.storage.yandex.net/rdisk/34ac3dde12a57d807bd3cabfb64da08988c9962441eae0df95a46f751e7b81d0/66d799b2/fKqInKw3d7bLFOeFnMGnhHSfH_IYqRR4XmkpjSR00ai2QWjPk9YapzGRK_98PcnJDnX-zwJxGIH-7RmEbMVjBRYAuwasYYi664ezUTvTtter8npumZHI4midPdWhecNq?uid=0&filename=posts.csv&disposition=attachment&hash=5b1qNPTu5I5XsvqDVGhqP7utPi6GbrbTVkXMBZwEdWGL/tkAtOO7xrhRKiQxqy0Tlsg4VIaLrfRKbQetv4dueQ%3D%3D%3A&limit=0&content_type=text%2Fplain&owner_uid=1130000041399263&fsize=2526152&hid=182328cff2661fcd76a8d3a316121882&media_type=spreadsheet&tknv=v2&ts=6213f4cf45080&s=27eb8626df956e0da9b7fc877adef4cf511ca880d82b7ec10e8b85049b02131f&pb=U2FsdGVkX18gCIU60gARVdEnKEbUNY736NWWVwjFAGneokrsdn4wDOC3Tg33PNdoKdNGYha_z03Mt5QV5pyPcJWql44MyZnpySoojI43Q5VbvCs40MAnodxbaC-OqmPH "HTTP/1.1 200 OK"
INFO:elastic_transport.transport:POST http://localhost:9200/documents/_search?scroll=5m [status:N/A duration:0.003s]
WARNING:elastic_transport.node_pool:Node <AiohttpHttpNode(http://localhost:9200)> has failed for 1 times in a row, putting on 1 second timeout
WARNING:elastic_transport.transport:Retrying request after failure (attempt 0 of 3)
Traceback (most recent call last):
  File "/home/lemkess/apsolutions_testTask/.venv/lib/python3.10/site-packages/elastic_transport/_async_transport.py", line 264, in perform_request
    resp = await node.perform_request(
  File "/home/lemkess/apsolutions_testTask/.venv/lib/python3.10/site-packages/elastic_transport/_node/_http_aiohttp.py", line 218, in perform_request
    raise err from None
elastic_transport.ConnectionError: Connection error caused by: ClientConnectorError(Cannot connect to host localhost:9200 ssl:default [Connect call failed ('127.0.0.1', 9200)])
INFO:elastic_transport.transport:POST http://localhost:9200/documents/_search?scroll=5m [status:N/A duration:0.002s]
WARNING:elastic_transport.node_pool:Node <AiohttpHttpNode(http://localhost:9200)> has failed for 2 times in a row, putting on 2 second timeout
WARNING:elastic_transport.transport:Retrying request after failure (attempt 1 of 3)
Traceback (most recent call last):
  File "/home/lemkess/apsolutions_testTask/.venv/lib/python3.10/site-packages/elastic_transport/_async_transport.py", line 264, in perform_request
    resp = await node.perform_request(
  File "/home/lemkess/apsolutions_testTask/.venv/lib/python3.10/site-packages/elastic_transport/_node/_http_aiohttp.py", line 218, in perform_request
    raise err from None
elastic_transport.ConnectionError: Connection error caused by: ClientConnectorError(Cannot connect to host localhost:9200 ssl:default [Connect call failed ('127.0.0.1', 9200)])
INFO:elastic_transport.transport:POST http://localhost:9200/documents/_search?scroll=5m [status:N/A duration:0.002s]
WARNING:elastic_transport.node_pool:Node <AiohttpHttpNode(http://localhost:9200)> has failed for 3 times in a row, putting on 4 second timeout
WARNING:elastic_transport.transport:Retrying request after failure (attempt 2 of 3)
Traceback (most recent call last):
  File "/home/lemkess/apsolutions_testTask/.venv/lib/python3.10/site-packages/elastic_transport/_async_transport.py", line 264, in perform_request
    resp = await node.perform_request(
  File "/home/lemkess/apsolutions_testTask/.venv/lib/python3.10/site-packages/elastic_transport/_node/_http_aiohttp.py", line 218, in perform_request
    raise err from None
elastic_transport.ConnectionError: Connection error caused by: ClientConnectorError(Cannot connect to host localhost:9200 ssl:default [Connect call failed ('127.0.0.1', 9200)])
INFO:elastic_transport.transport:POST http://localhost:9200/documents/_search?scroll=5m [status:N/A duration:0.001s]
WARNING:elastic_transport.node_pool:Node <AiohttpHttpNode(http://localhost:9200)> has failed for 4 times in a row, putting on 8 second timeout
INFO:elastic_transport.transport:POST http://localhost:9200/documents/_search?scroll=5m [status:N/A duration:0.030s]
WARNING:elastic_transport.node_pool:Node <AiohttpHttpNode(http://localhost:9200)> has failed for 1 times in a row, putting on 1 second timeout
WARNING:elastic_transport.transport:Retrying request after failure (attempt 0 of 3)
Traceback (most recent call last):
  File "/home/lemkess/apsolutions_testTask/.venv/lib/python3.10/site-packages/elastic_transport/_async_transport.py", line 264, in perform_request
    resp = await node.perform_request(
  File "/home/lemkess/apsolutions_testTask/.venv/lib/python3.10/site-packages/elastic_transport/_node/_http_aiohttp.py", line 218, in perform_request
    raise err from None
elastic_transport.ConnectionError: Connection error caused by: ClientOSError([Errno 104] Connection reset by peer)
INFO:elastic_transport.transport:POST http://localhost:9200/documents/_search?scroll=5m [status:N/A duration:0.003s]
WARNING:elastic_transport.node_pool:Node <AiohttpHttpNode(http://localhost:9200)> has failed for 2 times in a row, putting on 2 second timeout
WARNING:elastic_transport.transport:Retrying request after failure (attempt 1 of 3)
Traceback (most recent call last):
  File "/home/lemkess/apsolutions_testTask/.venv/lib/python3.10/site-packages/elastic_transport/_async_transport.py", line 264, in perform_request
    resp = await node.perform_request(
  File "/home/lemkess/apsolutions_testTask/.venv/lib/python3.10/site-packages/elastic_transport/_node/_http_aiohttp.py", line 218, in perform_request
    raise err from None
elastic_transport.ConnectionError: Connection error caused by: ClientOSError([Errno None] Can not write request body for http://localhost:9200/documents/_search?scroll=5m)
INFO:elastic_transport.transport:POST http://localhost:9200/documents/_search?scroll=5m [status:N/A duration:0.003s]
WARNING:elastic_transport.node_pool:Node <AiohttpHttpNode(http://localhost:9200)> has failed for 3 times in a row, putting on 4 second timeout
WARNING:elastic_transport.transport:Retrying request after failure (attempt 2 of 3)
Traceback (most recent call last):
  File "/home/lemkess/apsolutions_testTask/.venv/lib/python3.10/site-packages/elastic_transport/_async_transport.py", line 264, in perform_request
    resp = await node.perform_request(
  File "/home/lemkess/apsolutions_testTask/.venv/lib/python3.10/site-packages/elastic_transport/_node/_http_aiohttp.py", line 218, in perform_request
    raise err from None
elastic_transport.ConnectionError: Connection error caused by: ClientOSError(Cannot write to closing transport)
INFO:elastic_transport.transport:POST http://localhost:9200/documents/_search?scroll=5m [status:N/A duration:0.002s]
WARNING:elastic_transport.node_pool:Node <AiohttpHttpNode(http://localhost:9200)> has failed for 4 times in a row, putting on 8 second timeout
INFO:httpx:HTTP Request: GET https://cloud-api.yandex.net/v1/disk/public/resources/download?public_key=https%3A%2F%2Fdisk.yandex.ru%2Fd%2FUYooXd9q2yqTMQ "HTTP/1.1 200 OK"
INFO:httpx:HTTP Request: GET https://downloader.disk.yandex.ru/disk/9156abaa551b4b176a392cfe32255e9db4301e1ba8fe112ef071506099b4c89c/66d79a92/fKqInKw3d7bLFOeFnMGnhHSfH_IYqRR4XmkpjSR00ai2QWjPk9YapzGRK_98PcnJDnX-zwJxGIH-7RmEbMVjBRYAuwasYYi664ezUTvTtter8npumZHI4midPdWhecNq?uid=0&filename=posts.csv&disposition=attachment&hash=5b1qNPTu5I5XsvqDVGhqP7utPi6GbrbTVkXMBZwEdWGL/tkAtOO7xrhRKiQxqy0Tlsg4VIaLrfRKbQetv4dueQ%3D%3D%3A&limit=0&content_type=text%2Fplain&owner_uid=1130000041399263&fsize=2526152&hid=182328cff2661fcd76a8d3a316121882&media_type=spreadsheet&tknv=v2 "HTTP/1.1 302 Found"
INFO:httpx:HTTP Request: GET https://s886sas.storage.yandex.net/rdisk/9156abaa551b4b176a392cfe32255e9db4301e1ba8fe112ef071506099b4c89c/66d79a92/fKqInKw3d7bLFOeFnMGnhHSfH_IYqRR4XmkpjSR00ai2QWjPk9YapzGRK_98PcnJDnX-zwJxGIH-7RmEbMVjBRYAuwasYYi664ezUTvTtter8npumZHI4midPdWhecNq?uid=0&filename=posts.csv&disposition=attachment&hash=5b1qNPTu5I5XsvqDVGhqP7utPi6GbrbTVkXMBZwEdWGL/tkAtOO7xrhRKiQxqy0Tlsg4VIaLrfRKbQetv4dueQ%3D%3D%3A&limit=0&content_type=text%2Fplain&owner_uid=1130000041399263&fsize=2526152&hid=182328cff2661fcd76a8d3a316121882&media_type=spreadsheet&tknv=v2&ts=6213f5a4e4880&s=8e203c9e8461cd4946f98962857ab1bbd4583e5d5e534833e535f64cb2053c8f&pb=U2FsdGVkX19hJzeErbhZ__uVjSjyhjZVtFnnaNi3eosE__lZ4Bq_9d4AtvtEgujFIiGnT9dSQVZcphSHAVS0UDCts0NaqrdIMcbRVw4gErC0McnsCvwQ2op3lXZi4Btx "HTTP/1.1 200 OK"
ERROR:asyncio:Unclosed client session
client_session: <aiohttp.client.ClientSession object at 0x7f7cfd52b0d0>
INFO:elastic_transport.transport:PUT http://localhost:9200/_bulk [status:200 duration:0.962s]
INFO:elastic_transport.transport:PUT http://localhost:9200/_bulk [status:200 duration:0.440s]
INFO:elastic_transport.transport:PUT http://localhost:9200/_bulk [status:200 duration:0.240s]
INFO:elastic_transport.transport:POST http://localhost:9200/documents/_search?scroll=5m [status:200 duration:0.476s]
INFO:elastic_transport.transport:POST http://localhost:9200/_search/scroll [status:200 duration:0.035s]
INFO:elastic_transport.transport:DELETE http://localhost:9200/_search/scroll [status:200 duration:0.018s]
INFO:elastic_transport.transport:POST http://localhost:9200/documents/_search?scroll=5m [status:200 duration:0.098s]
INFO:elastic_transport.transport:POST http://localhost:9200/_search/scroll [status:200 duration:0.010s]
INFO:elastic_transport.transport:DELETE http://localhost:9200/_search/scroll [status:200 duration:0.006s]
INFO:httpx:HTTP Request: GET https://cloud-api.yandex.net/v1/disk/public/resources/download?public_key=https%3A%2F%2Fdisk.yandex.ru%2Fd%2FUYooXd9q2yqTMQ "HTTP/1.1 200 OK"
INFO:httpx:HTTP Request: GET https://downloader.disk.yandex.ru/disk/473aa8025ebab539acb4df41bb618dde03b62c8af95d9c3ac349c54154837473/66d79bd0/fKqInKw3d7bLFOeFnMGnhHSfH_IYqRR4XmkpjSR00ai2QWjPk9YapzGRK_98PcnJDnX-zwJxGIH-7RmEbMVjBRYAuwasYYi664ezUTvTtter8npumZHI4midPdWhecNq?uid=0&filename=posts.csv&disposition=attachment&hash=5b1qNPTu5I5XsvqDVGhqP7utPi6GbrbTVkXMBZwEdWGL/tkAtOO7xrhRKiQxqy0Tlsg4VIaLrfRKbQetv4dueQ%3D%3D%3A&limit=0&content_type=text%2Fplain&owner_uid=1130000041399263&fsize=2526152&hid=182328cff2661fcd76a8d3a316121882&media_type=spreadsheet&tknv=v2 "HTTP/1.1 302 Found"
INFO:httpx:HTTP Request: GET https://s434vlx.storage.yandex.net/rdisk/473aa8025ebab539acb4df41bb618dde03b62c8af95d9c3ac349c54154837473/66d79bd0/fKqInKw3d7bLFOeFnMGnhHSfH_IYqRR4XmkpjSR00ai2QWjPk9YapzGRK_98PcnJDnX-zwJxGIH-7RmEbMVjBRYAuwasYYi664ezUTvTtter8npumZHI4midPdWhecNq?uid=0&filename=posts.csv&disposition=attachment&hash=5b1qNPTu5I5XsvqDVGhqP7utPi6GbrbTVkXMBZwEdWGL/tkAtOO7xrhRKiQxqy0Tlsg4VIaLrfRKbQetv4dueQ%3D%3D%3A&limit=0&content_type=text%2Fplain&owner_uid=1130000041399263&fsize=2526152&hid=182328cff2661fcd76a8d3a316121882&media_type=spreadsheet&tknv=v2&ts=6213f6d429400&s=58935a9d9465d3b54b7c6157bbad28b19f24afab379711e8bba45f7cb975d5a2&pb=U2FsdGVkX1-imWEBhnQcp3H8tc6F1JKelJ6hmGVFSKriDFeFTB5whvGjC5cZkien7A8Xtdin3yUhwH8ioH7qn_6cs6KdsOCtH4MBtsxeA2pLT5EE8V3OywWZmREY500Q "HTTP/1.1 200 OK"
ERROR:asyncio:Unclosed client session
client_session: <aiohttp.client.ClientSession object at 0x7f8c56d68070>
INFO:elastic_transport.transport:PUT http://localhost:9200/_bulk [status:200 duration:0.148s]
INFO:elastic_transport.transport:PUT http://localhost:9200/_bulk [status:200 duration:0.446s]
INFO:elastic_transport.transport:PUT http://localhost:9200/_bulk [status:200 duration:0.211s]
INFO:elastic_transport.transport:POST http://localhost:9200/documents/_search?scroll=5m [status:200 duration:0.406s]
INFO:elastic_transport.transport:POST http://localhost:9200/_search/scroll [status:200 duration:0.009s]
INFO:elastic_transport.transport:DELETE http://localhost:9200/_search/scroll [status:200 duration:0.005s]
